<?xml version="1.0" encoding="UTF-8"?>
<!-- Generated by org.testng.reporters.JUnitReportReporter -->
<testsuite hostname="rodin-HP" name="com.example.tests.GroupCreationTests" tests="2" failures="0" timestamp="17 Oct 2014 11:04:43 GMT" time="4.765" errors="0">
  <testcase name="testEmptyGroupCreation" time="2.346" classname="com.example.tests.GroupCreationTests"/>
  <testcase name="testNonEmptyGroupCreation" time="2.419" classname="com.example.tests.GroupCreationTests"/>
</testsuite> <!-- com.example.tests.GroupCreationTests -->
