<?xml version="1.0" encoding="UTF-8"?>
<!-- Generated by org.testng.reporters.JUnitReportReporter -->
<testsuite hostname="rodin-HP" name="com.example.tests.GroupCreationTests" tests="2" failures="0" timestamp="23 Oct 2014 16:59:01 GMT" time="4.220" errors="0">
  <testcase name="testEmptyGroupCreation" time="2.039" classname="com.example.tests.GroupCreationTests"/>
  <testcase name="testNonEmptyGroupCreation" time="2.181" classname="com.example.tests.GroupCreationTests"/>
</testsuite> <!-- com.example.tests.GroupCreationTests -->
