<?xml version="1.0" encoding="UTF-8"?>
<!-- Generated by org.testng.reporters.JUnitReportReporter -->
<testsuite hostname="rodin-HP" name="com.example.tests.ContactCreationTests" tests="2" failures="0" timestamp="17 Oct 2014 11:04:43 GMT" time="3.584" errors="0">
  <testcase name="testNonEmptyContactCreation" time="2.207" classname="com.example.tests.ContactCreationTests"/>
  <testcase name="testEmptyContactCreation" time="1.377" classname="com.example.tests.ContactCreationTests"/>
</testsuite> <!-- com.example.tests.ContactCreationTests -->
