<?xml version="1.0" encoding="UTF-8"?>
<!-- Generated by org.testng.reporters.JUnitReportReporter -->
<testsuite hostname="rodin-HP" name="com.example.tests.ContactCreationTests" tests="2" failures="0" timestamp="23 Oct 2014 14:03:07 GMT" time="4.511" errors="0">
  <testcase name="testNonEmptyContactCreation" time="3.124" classname="com.example.tests.ContactCreationTests"/>
  <testcase name="testEmptyContactCreation" time="1.387" classname="com.example.tests.ContactCreationTests"/>
</testsuite> <!-- com.example.tests.ContactCreationTests -->
