<?xml version="1.0" encoding="UTF-8"?>
<!-- Generated by org.testng.reporters.JUnitReportReporter -->
<testsuite hostname="rodin-HP" name="com.example.tests.GroupCreationTests" tests="2" failures="0" timestamp="23 Oct 2014 14:03:07 GMT" time="4.340" errors="0">
  <testcase name="testEmptyGroupCreation" time="1.640" classname="com.example.tests.GroupCreationTests"/>
  <testcase name="testNonEmptyGroupCreation" time="2.700" classname="com.example.tests.GroupCreationTests"/>
</testsuite> <!-- com.example.tests.GroupCreationTests -->
